
> solisinverterindonesia@1.0.0 build
> next build

   Γû▓ Next.js 15.1.0
   - Environments: .env

   Creating an optimized production build ...
node.exe : Failed to compile.
At C:\Program 
Files\nodejs\npm.ps1:29 char:3
+   & $NODE_EXE $NPM_CLI_JS 
$args
+   
~~~~~~~~~~~~~~~~~~~~~~~~~~~~~
    + CategoryInfo          : N 
   otSpecified: (Failed to com  
  pile.:String) [], RemoteExc   
 eption
    + FullyQualifiedErrorId : N 
   ativeCommandError
 

./app/api/auth/login/route.ts
Module not found: Can't resolve 
'@/lib/auth'

https://nextjs.org/docs/messages
/module-not-found

./app/api/auth/logout/route.ts
Module not found: Can't resolve 
'@/lib/auth'

https://nextjs.org/docs/messages
/module-not-found


> Build failed because of 
webpack errors
